<?xml version="1.0" encoding="UTF-8"?>
<testsuite xmlns:xsi="http://www.w3.org/2001/XMLSchema-instance" xsi:noNamespaceSchemaLocation="https://maven.apache.org/surefire/maven-surefire-plugin/xsd/surefire-test-report.xsd" version="3.0.2" name="com.ivanz.socialnetworkbackend.gateway.ApiGatewayApplicationTests" time="6.451" tests="1" errors="0" skipped="0" failures="0">
  <properties>
[...]
</properties>
  <testcase name="contextLoads" classname="com.ivanz.socialnetworkbackend.gateway.ApiGatewayApplicationTests" time="0.838">
    <system-out><![CDATA[20:47:25.525 [main] INFO org.springframework.test.context.support.AnnotationConfigContextLoaderUtils -- Could not detect default configuration classes for test class [com.ivanz.socialnetworkbackend.gateway.ApiGatewayApplicationTests]: ApiGatewayApplicationTests does not declare any static, non-private, non-final, nested classes annotated with @Configuration.
20:47:25.660 [main] INFO org.springframework.boot.test.context.SpringBootTestContextBootstrapper -- Found @SpringBootConfiguration com.ivanz.socialnetworkbackend.gateway.ApiGatewayApplication for test class com.ivanz.socialnetworkbackend.gateway.ApiGatewayApplicationTests

  .   ____          _            __ _ _
 /\\ / ___'_ __ _ _(_)_ __  __ _ \ \ \ \
( ( )\___ | '_ | '_| | '_ \/ _` | \ \ \ \
 \\/  ___)| |_)| | | | | || (_| |  ) ) ) )
  '  |____| .__|_| |_|_| |_\__, | / / / /
 =========|_|==============|___/=/_/_/_/

 :: Spring Boot ::                (v3.4.4)

2025-04-23T20:47:26.467+03:00  INFO 24100 --- [api-gateway] [           main] c.i.s.g.ApiGatewayApplicationTests       : Starting ApiGatewayApplicationTests using Java 21.0.6 with PID 24100 (started by test in C:\Users\test\user\study\hse_3_course\Java\IndividualProject\SocialNetworkBackend\services\api-gateway)
2025-04-23T20:47:26.468+03:00  INFO 24100 --- [api-gateway] [           main] c.i.s.g.ApiGatewayApplicationTests       : No active profile set, falling back to 1 default profile: "default"
2025-04-23T20:47:27.348+03:00  INFO 24100 --- [api-gateway] [           main] o.s.cloud.context.scope.GenericScope     : BeanFactory id=2994055b-d956-3a4c-89e1-d926f404b478
2025-04-23T20:47:27.625+03:00  INFO 24100 --- [api-gateway] [           main] n.d.b.g.c.a.GrpcClientAutoConfiguration  : Detected grpc-netty-shaded: Creating ShadedNettyChannelFactory + InProcessChannelFactory
2025-04-23T20:47:30.943+03:00  INFO 24100 --- [api-gateway] [           main] c.i.s.g.ApiGatewayApplicationTests       : Started ApiGatewayApplicationTests in 4.832 seconds (process running for 6.301)
]]></system-out>
    <system-err><![CDATA[Mockito is currently self-attaching to enable the inline-mock-maker. This will no longer work in future releases of the JDK. Please add Mockito as an agent to your build what is described in Mockito's documentation: https://javadoc.io/doc/org.mockito/mockito-core/latest/org/mockito/Mockito.html#0.3
WARNING: A Java agent has been loaded dynamically (C:\Users\test\.m2\repository\net\bytebuddy\byte-buddy-agent\1.15.11\byte-buddy-agent-1.15.11.jar)
WARNING: If a serviceability tool is in use, please run with -XX:+EnableDynamicAgentLoading to hide this warning
WARNING: If a serviceability tool is not in use, please run with -Djdk.instrument.traceUsage for more information
WARNING: Dynamic loading of agents will be disallowed by default in a future release
]]></system-err>
  </testcase>
</testsuite>