<?xml version="1.0" encoding="UTF-8"?>
<testsuite xmlns:xsi="http://www.w3.org/2001/XMLSchema-instance" xsi:noNamespaceSchemaLocation="https://maven.apache.org/surefire/maven-surefire-plugin/xsd/surefire-test-report.xsd" version="3.0.2" name="com.ivanz.socialnetworkbackend.user.exception.CustomExceptionsTest" time="0.006" tests="3" errors="0" skipped="0" failures="0">
  <properties>
[...]
</properties>
  <testcase name="authRuntimeException_inheritsRuntimeAndStoresMessage" classname="com.ivanz.socialnetworkbackend.user.exception.CustomExceptionsTest" time="0.003"/>
  <testcase name="notFoundException_inheritsRuntimeAndStoresMessage" classname="com.ivanz.socialnetworkbackend.user.exception.CustomExceptionsTest" time="0.001"/>
  <testcase name="conflictException_inheritsRuntimeAndStoresMessage" classname="com.ivanz.socialnetworkbackend.user.exception.CustomExceptionsTest" time="0.001"/>
</testsuite>