<?xml version="1.0" encoding="UTF-8"?>
<testsuite xmlns:xsi="http://www.w3.org/2001/XMLSchema-instance" xsi:noNamespaceSchemaLocation="https://maven.apache.org/surefire/maven-surefire-plugin/xsd/surefire-test-report.xsd" version="3.0.2" name="com.ivanz.socialnetworkbackend.user.UserServiceApplicationTests" time="8.317" tests="1" errors="0" skipped="0" failures="0">
  <properties>
[...]
</properties>
  <testcase name="contextLoads" classname="com.ivanz.socialnetworkbackend.user.UserServiceApplicationTests" time="0.411">
    <system-out><![CDATA[09:38:36.805 [main] INFO org.springframework.test.context.support.AnnotationConfigContextLoaderUtils -- Could not detect default configuration classes for test class [com.ivanz.socialnetworkbackend.user.UserServiceApplicationTests]: UserServiceApplicationTests does not declare any static, non-private, non-final, nested classes annotated with @Configuration.
09:38:36.951 [main] INFO org.springframework.boot.test.context.SpringBootTestContextBootstrapper -- Found @SpringBootConfiguration com.ivanz.socialnetworkbackend.user.UserServiceApplication for test class com.ivanz.socialnetworkbackend.user.UserServiceApplicationTests

  .   ____          _            __ _ _
 /\\ / ___'_ __ _ _(_)_ __  __ _ \ \ \ \
( ( )\___ | '_ | '_| | '_ \/ _` | \ \ \ \
 \\/  ___)| |_)| | | | | || (_| |  ) ) ) )
  '  |____| .__|_| |_|_| |_\__, | / / / /
 =========|_|==============|___/=/_/_/_/

 :: Spring Boot ::                (v3.4.4)

2025-05-10T09:38:37.418+03:00  INFO 15084 --- [user-service] [           main] c.i.s.user.UserServiceApplicationTests   : Starting UserServiceApplicationTests using Java 21.0.6 with PID 15084 (started by test in C:\Users\test\user\study\hse_3_course\Java\IndividualProject\SocialNetworkBackend\services\user-service)
2025-05-10T09:38:37.419+03:00  INFO 15084 --- [user-service] [           main] c.i.s.user.UserServiceApplicationTests   : No active profile set, falling back to 1 default profile: "default"
2025-05-10T09:38:38.087+03:00  INFO 15084 --- [user-service] [           main] .s.d.r.c.RepositoryConfigurationDelegate : Bootstrapping Spring Data JPA repositories in DEFAULT mode.
2025-05-10T09:38:38.145+03:00  INFO 15084 --- [user-service] [           main] .s.d.r.c.RepositoryConfigurationDelegate : Finished Spring Data repository scanning in 48 ms. Found 1 JPA repository interface.
2025-05-10T09:38:38.620+03:00  INFO 15084 --- [user-service] [           main] org.testcontainers.images.PullPolicy     : Image pull policy will be performed by: DefaultPullPolicy()
2025-05-10T09:38:38.624+03:00  INFO 15084 --- [user-service] [           main] o.t.utility.ImageNameSubstitutor         : Image name substitution will be performed by: DefaultImageNameSubstitutor (composite of 'ConfigurationFileImageNameSubstitutor' and 'PrefixingImageNameSubstitutor')
2025-05-10T09:38:38.679+03:00  INFO 15084 --- [user-service] [           main] org.testcontainers.DockerClientFactory   : Testcontainers version: 1.20.6
2025-05-10T09:38:38.891+03:00  INFO 15084 --- [user-service] [           main] o.t.d.DockerClientProviderStrategy       : Loaded org.testcontainers.dockerclient.NpipeSocketClientProviderStrategy from ~/.testcontainers.properties, will try it first
2025-05-10T09:38:39.165+03:00  INFO 15084 --- [user-service] [           main] o.t.d.DockerClientProviderStrategy       : Found Docker environment with local Npipe socket (npipe:////./pipe/docker_engine)
2025-05-10T09:38:39.166+03:00  INFO 15084 --- [user-service] [           main] org.testcontainers.DockerClientFactory   : Docker host IP address is localhost
2025-05-10T09:38:39.186+03:00  INFO 15084 --- [user-service] [           main] org.testcontainers.DockerClientFactory   : Connected to docker: 
  Server Version: 27.3.1
  API Version: 1.47
  Operating System: Docker Desktop
  Total Memory: 7806 MB
  Labels: 
    com.docker.desktop.address=npipe://\\.\pipe\docker_cli
2025-05-10T09:38:39.354+03:00  INFO 15084 --- [user-service] [           main] tc.testcontainers/ryuk:0.11.0            : Creating container for image: testcontainers/ryuk:0.11.0
2025-05-10T09:38:39.496+03:00  INFO 15084 --- [user-service] [           main] o.t.utility.RegistryAuthLocator          : Credential helper/store (docker-credential-desktop) does not have credentials for https://index.docker.io/v1/
2025-05-10T09:38:39.655+03:00  INFO 15084 --- [user-service] [           main] tc.testcontainers/ryuk:0.11.0            : Container testcontainers/ryuk:0.11.0 is starting: 8c311b87454a370f3b4a2dbf58bdabd8f727d4fa05c4a29ed91b36a789f0561e
2025-05-10T09:38:40.107+03:00  INFO 15084 --- [user-service] [           main] tc.testcontainers/ryuk:0.11.0            : Container testcontainers/ryuk:0.11.0 started in PT0.7533299S
2025-05-10T09:38:40.113+03:00  INFO 15084 --- [user-service] [           main] o.t.utility.RyukResourceReaper           : Ryuk started - will monitor and terminate Testcontainers containers on JVM exit
2025-05-10T09:38:40.113+03:00  INFO 15084 --- [user-service] [           main] org.testcontainers.DockerClientFactory   : Checking the system...
2025-05-10T09:38:40.114+03:00  INFO 15084 --- [user-service] [           main] org.testcontainers.DockerClientFactory   : ✔︎ Docker server version should be at least 1.6.0
2025-05-10T09:38:40.115+03:00  INFO 15084 --- [user-service] [           main] tc.postgres:latest                       : Creating container for image: postgres:latest
2025-05-10T09:38:40.203+03:00  INFO 15084 --- [user-service] [           main] tc.postgres:latest                       : Container postgres:latest is starting: 3f61d2a97793219a62de0347971c3752f147654825626a920e79908882ec73b4
2025-05-10T09:38:41.556+03:00  INFO 15084 --- [user-service] [           main] tc.postgres:latest                       : Container postgres:latest started in PT1.440461S
2025-05-10T09:38:41.557+03:00  INFO 15084 --- [user-service] [           main] tc.postgres:latest                       : Container is started (JDBC URL: jdbc:postgresql://localhost:52396/test?loggerLevel=OFF)
2025-05-10T09:38:42.024+03:00  INFO 15084 --- [user-service] [           main] org.flywaydb.core.FlywayExecutor         : Database: jdbc:postgresql://localhost:52396/test?loggerLevel=OFF (PostgreSQL 17.4)
2025-05-10T09:38:42.067+03:00  INFO 15084 --- [user-service] [           main] o.f.c.i.s.JdbcTableSchemaHistory         : Schema history table "public"."flyway_schema_history" does not exist yet
2025-05-10T09:38:42.070+03:00  INFO 15084 --- [user-service] [           main] o.f.core.internal.command.DbValidate     : Successfully validated 2 migrations (execution time 00:00.019s)
2025-05-10T09:38:42.088+03:00  INFO 15084 --- [user-service] [           main] o.f.c.i.s.JdbcTableSchemaHistory         : Creating Schema History table "public"."flyway_schema_history" ...
2025-05-10T09:38:42.162+03:00  INFO 15084 --- [user-service] [           main] o.f.core.internal.command.DbMigrate      : Current version of schema "public": << Empty Schema >>
2025-05-10T09:38:42.176+03:00  INFO 15084 --- [user-service] [           main] o.f.core.internal.command.DbMigrate      : Migrating schema "public" to version "1 - create users"
2025-05-10T09:38:42.210+03:00  INFO 15084 --- [user-service] [           main] o.f.core.internal.command.DbMigrate      : Migrating schema "public" to version "2 - add profile fields"
2025-05-10T09:38:42.231+03:00  INFO 15084 --- [user-service] [           main] o.f.core.internal.command.DbMigrate      : Successfully applied 2 migrations to schema "public", now at version v2 (execution time 00:00.021s)
2025-05-10T09:38:42.335+03:00  INFO 15084 --- [user-service] [           main] o.hibernate.jpa.internal.util.LogHelper  : HHH000204: Processing PersistenceUnitInfo [name: default]
2025-05-10T09:38:42.406+03:00  INFO 15084 --- [user-service] [           main] org.hibernate.Version                    : HHH000412: Hibernate ORM core version 6.6.11.Final
2025-05-10T09:38:42.454+03:00  INFO 15084 --- [user-service] [           main] o.h.c.internal.RegionFactoryInitiator    : HHH000026: Second-level cache disabled
2025-05-10T09:38:42.746+03:00  INFO 15084 --- [user-service] [           main] o.s.o.j.p.SpringPersistenceUnitInfo      : No LoadTimeWeaver setup: ignoring JPA class transformer
2025-05-10T09:38:42.772+03:00  INFO 15084 --- [user-service] [           main] com.zaxxer.hikari.HikariDataSource       : HikariPool-1 - Starting...
2025-05-10T09:38:42.796+03:00  INFO 15084 --- [user-service] [           main] com.zaxxer.hikari.pool.HikariPool        : HikariPool-1 - Added connection org.postgresql.jdbc.PgConnection@1e5e3147
2025-05-10T09:38:42.798+03:00  INFO 15084 --- [user-service] [           main] com.zaxxer.hikari.HikariDataSource       : HikariPool-1 - Start completed.
2025-05-10T09:38:42.874+03:00  INFO 15084 --- [user-service] [           main] org.hibernate.orm.connections.pooling    : HHH10001005: Database info:
	Database JDBC URL [Connecting through datasource 'HikariDataSource (HikariPool-1)']
	Database driver: undefined/unknown
	Database version: 17.4
	Autocommit mode: undefined/unknown
	Isolation level: undefined/unknown
	Minimum pool size: undefined/unknown
	Maximum pool size: undefined/unknown
2025-05-10T09:38:43.638+03:00  INFO 15084 --- [user-service] [           main] o.h.e.t.j.p.i.JtaPlatformInitiator       : HHH000489: No JTA platform available (set 'hibernate.transaction.jta.platform' to enable JTA platform integration)
2025-05-10T09:38:43.641+03:00  INFO 15084 --- [user-service] [           main] j.LocalContainerEntityManagerFactoryBean : Initialized JPA EntityManagerFactory for persistence unit 'default'
2025-05-10T09:38:43.968+03:00  WARN 15084 --- [user-service] [           main] JpaBaseConfiguration$JpaWebConfiguration : spring.jpa.open-in-view is enabled by default. Therefore, database queries may be performed during view rendering. Explicitly configure spring.jpa.open-in-view to disable this warning
2025-05-10T09:38:43.999+03:00  WARN 15084 --- [user-service] [           main] .s.s.UserDetailsServiceAutoConfiguration : 

Using generated security password: c52d3791-9103-412c-bf3b-c7fecb441479

This generated password is for development use only. Your security configuration must be updated before running your application in production.

2025-05-10T09:38:44.006+03:00  INFO 15084 --- [user-service] [           main] r$InitializeUserDetailsManagerConfigurer : Global AuthenticationManager configured with UserDetailsService bean with name inMemoryUserDetailsManager
2025-05-10T09:38:44.566+03:00  INFO 15084 --- [user-service] [           main] c.i.s.user.UserServiceApplicationTests   : Started UserServiceApplicationTests in 7.48 seconds (process running for 8.606)
]]></system-out>
    <system-err><![CDATA[Mockito is currently self-attaching to enable the inline-mock-maker. This will no longer work in future releases of the JDK. Please add Mockito as an agent to your build what is described in Mockito's documentation: https://javadoc.io/doc/org.mockito/mockito-core/latest/org/mockito/Mockito.html#0.3
WARNING: A Java agent has been loaded dynamically (C:\Users\test\.m2\repository\net\bytebuddy\byte-buddy-agent\1.15.11\byte-buddy-agent-1.15.11.jar)
WARNING: If a serviceability tool is in use, please run with -XX:+EnableDynamicAgentLoading to hide this warning
WARNING: If a serviceability tool is not in use, please run with -Djdk.instrument.traceUsage for more information
WARNING: Dynamic loading of agents will be disallowed by default in a future release
]]></system-err>
  </testcase>
</testsuite>