<?xml version="1.0" encoding="UTF-8"?>
<testsuite xmlns:xsi="http://www.w3.org/2001/XMLSchema-instance" xsi:noNamespaceSchemaLocation="https://maven.apache.org/surefire/maven-surefire-plugin/xsd/surefire-test-report.xsd" version="3.0.2" name="com.ivanz.socialnetworkbackend.content.repository.PostRepositoryTest" time="2.996" tests="1" errors="0" skipped="0" failures="0">
  <properties>
[...]
</properties>
  <testcase name="save_and_read" classname="com.ivanz.socialnetworkbackend.content.repository.PostRepositoryTest" time="0.118">
    <system-out><![CDATA[23:59:19.914 [main] INFO org.springframework.test.context.support.AnnotationConfigContextLoaderUtils -- Could not detect default configuration classes for test class [com.ivanz.socialnetworkbackend.content.repository.PostRepositoryTest]: PostRepositoryTest does not declare any static, non-private, non-final, nested classes annotated with @Configuration.
23:59:20.093 [main] INFO org.springframework.boot.test.context.SpringBootTestContextBootstrapper -- Found @SpringBootConfiguration com.ivanz.socialnetworkbackend.content.ContentServiceApplication for test class com.ivanz.socialnetworkbackend.content.repository.PostRepositoryTest

  .   ____          _            __ _ _
 /\\ / ___'_ __ _ _(_)_ __  __ _ \ \ \ \
( ( )\___ | '_ | '_| | '_ \/ _` | \ \ \ \
 \\/  ___)| |_)| | | | | || (_| |  ) ) ) )
  '  |____| .__|_| |_|_| |_\__, | / / / /
 =========|_|==============|___/=/_/_/_/

 :: Spring Boot ::                (v3.4.4)

2025-05-18T23:59:20.412+03:00  INFO 21672 --- [content-service] [           main] c.i.s.c.repository.PostRepositoryTest    : Starting PostRepositoryTest using Java 21.0.6 with PID 21672 (started by test in C:\Users\test\user\study\hse_3_course\Java\IndividualProject\SocialNetworkBackend\services\content-service)
2025-05-18T23:59:20.413+03:00  INFO 21672 --- [content-service] [           main] c.i.s.c.repository.PostRepositoryTest    : No active profile set, falling back to 1 default profile: "default"
2025-05-18T23:59:20.739+03:00  INFO 21672 --- [content-service] [           main] .s.d.r.c.RepositoryConfigurationDelegate : Bootstrapping Spring Data JPA repositories in DEFAULT mode.
2025-05-18T23:59:20.810+03:00  INFO 21672 --- [content-service] [           main] .s.d.r.c.RepositoryConfigurationDelegate : Finished Spring Data repository scanning in 62 ms. Found 1 JPA repository interface.
2025-05-18T23:59:20.861+03:00  INFO 21672 --- [content-service] [           main] beddedDataSourceBeanFactoryPostProcessor : Replacing 'dataSource' DataSource bean with embedded version
2025-05-18T23:59:20.949+03:00  INFO 21672 --- [content-service] [           main] o.s.j.d.e.EmbeddedDatabaseFactory        : Starting embedded database: url='jdbc:h2:mem:a547e2d2-8ce5-4b8b-966c-38ffd59feca3;DB_CLOSE_DELAY=-1;DB_CLOSE_ON_EXIT=false', username='sa'
2025-05-18T23:59:21.400+03:00  INFO 21672 --- [content-service] [           main] o.hibernate.jpa.internal.util.LogHelper  : HHH000204: Processing PersistenceUnitInfo [name: default]
2025-05-18T23:59:21.467+03:00  INFO 21672 --- [content-service] [           main] org.hibernate.Version                    : HHH000412: Hibernate ORM core version 6.6.11.Final
2025-05-18T23:59:21.511+03:00  INFO 21672 --- [content-service] [           main] o.h.c.internal.RegionFactoryInitiator    : HHH000026: Second-level cache disabled
2025-05-18T23:59:21.642+03:00  INFO 21672 --- [content-service] [           main] o.s.o.j.p.SpringPersistenceUnitInfo      : No LoadTimeWeaver setup: ignoring JPA class transformer
2025-05-18T23:59:21.789+03:00  INFO 21672 --- [content-service] [           main] org.hibernate.orm.connections.pooling    : HHH10001005: Database info:
	Database JDBC URL [Connecting through datasource 'org.springframework.jdbc.datasource.embedded.EmbeddedDatabaseFactory$EmbeddedDataSourceProxy@32e65852']
	Database driver: undefined/unknown
	Database version: 2.3.232
	Autocommit mode: undefined/unknown
	Isolation level: undefined/unknown
	Minimum pool size: undefined/unknown
	Maximum pool size: undefined/unknown
2025-05-18T23:59:22.386+03:00  INFO 21672 --- [content-service] [           main] o.h.e.t.j.p.i.JtaPlatformInitiator       : HHH000489: No JTA platform available (set 'hibernate.transaction.jta.platform' to enable JTA platform integration)
Hibernate: drop table if exists post_tags cascade 
Hibernate: drop table if exists posts cascade 
Hibernate: create table post_tags (post_id bigint not null, tag varchar(255))
Hibernate: create table posts (is_private boolean not null, author_id bigint, created_at timestamp(6) with time zone, id bigint generated by default as identity, updated_at timestamp(6) with time zone, content varchar(255), title varchar(255), primary key (id))
Hibernate: alter table if exists post_tags add constraint FKkifam22p4s1nm3bkmp1igcn5w foreign key (post_id) references posts
2025-05-18T23:59:22.426+03:00  INFO 21672 --- [content-service] [           main] j.LocalContainerEntityManagerFactoryBean : Initialized JPA EntityManagerFactory for persistence unit 'default'
2025-05-18T23:59:22.674+03:00  INFO 21672 --- [content-service] [           main] c.i.s.c.repository.PostRepositoryTest    : Started PostRepositoryTest in 2.536 seconds (process running for 4.56)
Hibernate: insert into posts (author_id,content,created_at,is_private,title,updated_at,id) values (?,?,?,?,?,?,default)
]]></system-out>
  </testcase>
</testsuite>